[0m20:09:23.752318 [debug] [MainThread]: Sending event: {'category': 'dbt', 'action': 'invocation', 'label': 'start', 'context': [<snowplow_tracker.self_describing_json.SelfDescribingJson object at 0x00000202B8A17610>, <snowplow_tracker.self_describing_json.SelfDescribingJson object at 0x00000202B8A17750>, <snowplow_tracker.self_describing_json.SelfDescribingJson object at 0x00000202B8A176D0>]}


============================== 20:09:23.755938 | d0a78391-cc47-40da-9576-31886f925786 ==============================
[0m20:09:23.755938 [info ] [MainThread]: Running with dbt=1.9.2
[0m20:09:23.757002 [debug] [MainThread]: running dbt with arguments {'printer_width': '80', 'indirect_selection': 'eager', 'log_cache_events': 'False', 'write_json': 'True', 'partial_parse': 'True', 'cache_selected_only': 'False', 'profiles_dir': 'C:\\Users\\pablotabilo\\.dbt', 'fail_fast': 'False', 'version_check': 'True', 'log_path': 'logs', 'debug': 'False', 'warn_error': 'None', 'use_colors': 'True', 'use_experimental_parser': 'False', 'empty': 'None', 'quiet': 'False', 'no_print': 'None', 'log_format': 'default', 'introspect': 'True', 'warn_error_options': 'WarnErrorOptions(include=[], exclude=[])', 'invocation_command': 'dbt init', 'target_path': 'None', 'static_parser': 'True', 'send_anonymous_usage_stats': 'True'}
[0m20:09:50.395037 [debug] [MainThread]: Starter project path: C:\Users\pablotabilo\anaconda3\Lib\site-packages\dbt\include\starter_project
[0m20:09:50.416034 [info ] [MainThread]: 
Your new dbt project "custom_postgres" was created!

For more information on how to configure the profiles.yml file,
please consult the dbt documentation here:

  https://docs.getdbt.com/docs/configure-your-profile

One more thing:

Need help? Don't hesitate to reach out to us via GitHub issues or on Slack:

  https://community.getdbt.com/

Happy modeling!

[0m20:09:50.418036 [info ] [MainThread]: Setting up your profile.
[0m20:13:41.614741 [info ] [MainThread]: Profile custom_postgres written to C:\Users\pablotabilo\.dbt\profiles.yml using target's profile_template.yml and your supplied values. Run 'dbt debug' to validate the connection.
[0m20:13:41.616741 [debug] [MainThread]: Command `dbt init` succeeded at 20:13:41.616741 after 257.93 seconds
[0m20:13:41.616741 [debug] [MainThread]: Sending event: {'category': 'dbt', 'action': 'invocation', 'label': 'end', 'context': [<snowplow_tracker.self_describing_json.SelfDescribingJson object at 0x00000202B89BAAD0>, <snowplow_tracker.self_describing_json.SelfDescribingJson object at 0x00000202B89C6190>, <snowplow_tracker.self_describing_json.SelfDescribingJson object at 0x00000202B89C5490>]}
[0m20:13:41.617742 [debug] [MainThread]: Flushing usage events
[0m20:13:42.528290 [debug] [MainThread]: An error was encountered while trying to flush usage events
